<?xml version="1.0" encoding="UTF-8"?>
<!-- Generated by org.testng.reporters.JUnitXMLReporter -->
<testsuite ignored="0" hostname="Ranjith" failures="0" tests="3" name="Test" time="8.129" errors="0" timestamp="2025-01-17T12:46:58 EST">
  <testcase classname="com.example.javaTraining.SampleTest" name="openGoogle" time="0.883"/>
  <testcase classname="com.example.javaTraining.SampleTest" name="openGoogle2" time="1.944"/>
  <testcase classname="com.example.javaTraining.SampleTest" name="FirefoxTest" time="5.699"/>
</testsuite> <!-- Test -->
