<?xml version="1.0" encoding="UTF-8"?>
<!-- Generated by org.testng.reporters.JUnitXMLReporter -->
<testsuite ignored="2" hostname="Ranjith" failures="0" tests="1" name="Test(failed)" time="6.901" errors="0" timestamp="2025-01-17T12:36:19 EST">
  <testcase classname="com.example.javaTraining.SampleTest" name="FirefoxTest" time="4.529"/>
  <testcase classname="com.example.javaTraining.SampleTest" name="openGoogle" time="0.0">
    <ignored/>
  </testcase> <!-- openGoogle -->
  <testcase classname="com.example.javaTraining.SampleTest" name="openGoogle2" time="0.0">
    <ignored/>
  </testcase> <!-- openGoogle2 -->
</testsuite> <!-- Test(failed) -->
