<?xml version="1.0" encoding="UTF-8"?>
<testng-results ignored="0" total="1" passed="1" failed="0" skipped="0">
  <reporter-output>
  </reporter-output>
  <suite started-at="2024-12-20T19:29:16 EST" name="Suite" finished-at="2024-12-20T19:29:21 EST" duration-ms="5154">
    <groups>
    </groups>
    <test started-at="2024-12-20T19:29:16 EST" name="Test" finished-at="2024-12-20T19:29:21 EST" duration-ms="5154">
      <class name="com.example.javaTraining.SampleTest">
        <test-method is-config="true" signature="setup()[pri:0, instance:com.example.javaTraining.SampleTest@1a942c18]" started-at="2024-12-20T19:29:16 EST" name="setup" finished-at="2024-12-20T19:29:18 EST" duration-ms="1909" status="PASS">
          <reporter-output>
          </reporter-output>
        </test-method> <!-- setup -->
        <test-method signature="openGoogle()[pri:0, instance:com.example.javaTraining.SampleTest@1a942c18]" started-at="2024-12-20T19:29:18 EST" name="openGoogle" finished-at="2024-12-20T19:29:21 EST" duration-ms="2579" status="PASS">
          <reporter-output>
          </reporter-output>
        </test-method> <!-- openGoogle -->
        <test-method is-config="true" signature="teardown()[pri:0, instance:com.example.javaTraining.SampleTest@1a942c18]" started-at="2024-12-20T19:29:21 EST" name="teardown" finished-at="2024-12-20T19:29:21 EST" duration-ms="275" status="PASS">
          <reporter-output>
          </reporter-output>
        </test-method> <!-- teardown -->
      </class> <!-- com.example.javaTraining.SampleTest -->
    </test> <!-- Test -->
  </suite> <!-- Suite -->
</testng-results>
