<?xml version="1.0" encoding="UTF-8"?>
<testng-results ignored="0" total="3" passed="3" failed="0" skipped="0">
  <reporter-output>
  </reporter-output>
  <suite started-at="2025-01-17T12:46:49 EST" name="Suite" finished-at="2025-01-17T12:46:57 EST" duration-ms="8129">
    <groups>
    </groups>
    <test started-at="2025-01-17T12:46:49 EST" name="Test" finished-at="2025-01-17T12:46:57 EST" duration-ms="8129">
      <class name="com.example.javaTraining.SampleTest">
        <test-method is-config="true" signature="setup()[pri:0, instance:com.example.javaTraining.SampleTest@496bc455]" started-at="2025-01-17T12:46:50 EST" name="setup" finished-at="2025-01-17T12:46:51 EST" duration-ms="1357" status="PASS">
          <reporter-output>
          </reporter-output>
        </test-method> <!-- setup -->
        <test-method is-config="true" signature="setup()[pri:0, instance:com.example.javaTraining.SampleTest@496bc455]" started-at="2025-01-17T12:46:50 EST" name="setup" finished-at="2025-01-17T12:46:51 EST" duration-ms="1357" status="PASS">
          <reporter-output>
          </reporter-output>
        </test-method> <!-- setup -->
        <test-method signature="FirefoxTest()[pri:0, instance:com.example.javaTraining.SampleTest@496bc455]" started-at="2025-01-17T12:46:51 EST" name="FirefoxTest" finished-at="2025-01-17T12:46:57 EST" duration-ms="5699" status="PASS">
          <reporter-output>
          </reporter-output>
        </test-method> <!-- FirefoxTest -->
        <test-method signature="openGoogle()[pri:0, instance:com.example.javaTraining.SampleTest@496bc455]" started-at="2025-01-17T12:46:51 EST" name="openGoogle" finished-at="2025-01-17T12:46:52 EST" duration-ms="883" status="PASS">
          <reporter-output>
          </reporter-output>
        </test-method> <!-- openGoogle -->
        <test-method is-config="true" signature="teardown()[pri:0, instance:com.example.javaTraining.SampleTest@496bc455]" started-at="2025-01-17T12:46:52 EST" name="teardown" finished-at="2025-01-17T12:46:52 EST" duration-ms="143" status="PASS">
          <reporter-output>
          </reporter-output>
        </test-method> <!-- teardown -->
        <test-method is-config="true" signature="setup()[pri:0, instance:com.example.javaTraining.SampleTest@496bc455]" started-at="2025-01-17T12:46:52 EST" name="setup" finished-at="2025-01-17T12:46:53 EST" duration-ms="760" status="PASS">
          <reporter-output>
          </reporter-output>
        </test-method> <!-- setup -->
        <test-method signature="openGoogle2()[pri:0, instance:com.example.javaTraining.SampleTest@496bc455]" started-at="2025-01-17T12:46:53 EST" name="openGoogle2" finished-at="2025-01-17T12:46:55 EST" duration-ms="1944" status="PASS">
          <reporter-output>
          </reporter-output>
        </test-method> <!-- openGoogle2 -->
        <test-method is-config="true" signature="teardown()[pri:0, instance:com.example.javaTraining.SampleTest@496bc455]" started-at="2025-01-17T12:46:55 EST" name="teardown" finished-at="2025-01-17T12:46:55 EST" duration-ms="172" status="PASS">
          <reporter-output>
          </reporter-output>
        </test-method> <!-- teardown -->
        <test-method is-config="true" signature="teardown()[pri:0, instance:com.example.javaTraining.SampleTest@496bc455]" started-at="2025-01-17T12:46:57 EST" name="teardown" finished-at="2025-01-17T12:46:57 EST" duration-ms="823" status="PASS">
          <reporter-output>
          </reporter-output>
        </test-method> <!-- teardown -->
      </class> <!-- com.example.javaTraining.SampleTest -->
    </test> <!-- Test -->
  </suite> <!-- Suite -->
</testng-results>
